\BOOKMARK [1][-]{section.1}{Introduction}{}
\BOOKMARK [2][-]{subsection.1.1}{Purpose}{section.1}
\BOOKMARK [2][-]{subsection.1.2}{Scope}{section.1}
\BOOKMARK [2][-]{subsection.1.3}{Glossary}{section.1}
\BOOKMARK [2][-]{subsection.1.4}{References}{section.1}
\BOOKMARK [2][-]{subsection.1.5}{Overview}{section.1}
\BOOKMARK [1][-]{section.2}{Project Description}{}
\BOOKMARK [2][-]{subsection.2.1}{Project Perspective}{section.2}
\BOOKMARK [3][-]{subsubsection.2.1.1}{Operations and User Interfaces}{subsection.2.1}
\BOOKMARK [3][-]{subsubsection.2.1.2}{Hardware Interfaces}{subsection.2.1}
\BOOKMARK [3][-]{subsubsection.2.1.3}{Software Interfaces}{subsection.2.1}
\BOOKMARK [3][-]{subsubsection.2.1.4}{Communication Interfaces}{subsection.2.1}
\BOOKMARK [3][-]{subsubsection.2.1.5}{Memory Constraints}{subsection.2.1}
\BOOKMARK [2][-]{subsection.2.2}{Project Functions}{section.2}
\BOOKMARK [2][-]{subsection.2.3}{Project User Characteristics}{section.2}
\BOOKMARK [2][-]{subsection.2.4}{Project Constraints}{section.2}
\BOOKMARK [2][-]{subsection.2.5}{Project Dependencies}{section.2}
\BOOKMARK [1][-]{section.3}{Specific Requirements}{}
\BOOKMARK [2][-]{subsection.3.1}{External Interface}{section.3}
\BOOKMARK [2][-]{subsection.3.2}{Functions}{section.3}
\BOOKMARK [2][-]{subsection.3.3}{Performance Requirements}{section.3}
\BOOKMARK [2][-]{subsection.3.4}{Attributes}{section.3}
\BOOKMARK [1][-]{section.4}{Gantt Chart}{}
